<?xml version="1.0" encoding="UTF-8"?>
<testng-results skipped="1" failed="0" ignored="0" total="1" passed="0">
  <reporter-output>
  </reporter-output>
  <suite name="Default suite" duration-ms="60" started-at="2022-03-20T09:42:13 EET" finished-at="2022-03-20T09:42:13 EET">
    <groups>
    </groups>
    <test name="Default test" duration-ms="60" started-at="2022-03-20T09:42:13 EET" finished-at="2022-03-20T09:42:13 EET">
      <class name="capital_UI_Smoke.SmokeSuite">
        <test-method status="FAIL" signature="setUp(java.lang.String,java.lang.String,java.lang.String,java.lang.String)[pri:0, instance:capital_UI_Smoke.SmokeSuite@dbd940d]" name="setUp" is-config="true" duration-ms="-1647762133900" started-at="2022-03-20T09:42:13 EET" finished-at="1970-01-01T02:00:00 EET">
          <exception class="org.testng.TestNGException">
            <message>
              <![CDATA[
Parameter 'OS' is required by BeforeSuite on method setUp but has not been marked @Optional or defined
in /private/var/folders/5z/6mw010057_5fhs13r2hg3gr40000gn/T/testng-eclipse-1107908952/testng-customsuite.xml]]>
            </message>
            <full-stacktrace>
              <![CDATA[org.testng.TestNGException: 
Parameter 'OS' is required by BeforeSuite on method setUp but has not been marked @Optional or defined
in /private/var/folders/5z/6mw010057_5fhs13r2hg3gr40000gn/T/testng-eclipse-1107908952/testng-customsuite.xml
at org.testng.internal.Parameters.createParams(Parameters.java:270)
at org.testng.internal.Parameters.createParametersForMethod(Parameters.java:358)
at org.testng.internal.Parameters.createParameters(Parameters.java:700)
at org.testng.internal.Parameters.createConfigurationParameters(Parameters.java:168)
at org.testng.internal.ConfigInvoker.invokeConfigurations(ConfigInvoker.java:302)
at org.testng.SuiteRunner.privateRun(SuiteRunner.java:317)
at org.testng.SuiteRunner.run(SuiteRunner.java:276)
at org.testng.SuiteRunnerWorker.runSuite(SuiteRunnerWorker.java:53)
at org.testng.SuiteRunnerWorker.run(SuiteRunnerWorker.java:96)
at org.testng.TestNG.runSuitesSequentially(TestNG.java:1212)
at org.testng.TestNG.runSuitesLocally(TestNG.java:1134)
at org.testng.TestNG.runSuites(TestNG.java:1063)
at org.testng.TestNG.run(TestNG.java:1031)
at org.testng.remote.AbstractRemoteTestNG.run(AbstractRemoteTestNG.java:115)
at org.testng.remote.RemoteTestNG.initAndRun(RemoteTestNG.java:251)
at org.testng.remote.RemoteTestNG.main(RemoteTestNG.java:77)
]]>
            </full-stacktrace>
          </exception> <!-- org.testng.TestNGException -->
          <reporter-output>
          </reporter-output>
        </test-method> <!-- setUp -->
        <test-method status="SKIP" signature="startReport()[pri:0, instance:capital_UI_Smoke.SmokeSuite@dbd940d]" name="startReport" is-config="true" duration-ms="-1647762133918" started-at="2022-03-20T09:42:13 EET" finished-at="1970-01-01T02:00:00 EET">
          <reporter-output>
          </reporter-output>
        </test-method> <!-- startReport -->
        <test-method status="SKIP" signature="login_test()[pri:0, instance:capital_UI_Smoke.SmokeSuite@dbd940d]" name="login_test" duration-ms="0" started-at="2022-03-20T09:42:13 EET" finished-at="2022-03-20T09:42:13 EET">
          <exception class="org.testng.TestNGException">
            <message>
              <![CDATA[
Parameter 'OS' is required by BeforeSuite on method setUp but has not been marked @Optional or defined
in /private/var/folders/5z/6mw010057_5fhs13r2hg3gr40000gn/T/testng-eclipse-1107908952/testng-customsuite.xml]]>
            </message>
            <full-stacktrace>
              <![CDATA[org.testng.TestNGException: 
Parameter 'OS' is required by BeforeSuite on method setUp but has not been marked @Optional or defined
in /private/var/folders/5z/6mw010057_5fhs13r2hg3gr40000gn/T/testng-eclipse-1107908952/testng-customsuite.xml
at org.testng.internal.Parameters.createParams(Parameters.java:270)
at org.testng.internal.Parameters.createParametersForMethod(Parameters.java:358)
at org.testng.internal.Parameters.createParameters(Parameters.java:700)
at org.testng.internal.Parameters.createConfigurationParameters(Parameters.java:168)
at org.testng.internal.ConfigInvoker.invokeConfigurations(ConfigInvoker.java:302)
at org.testng.SuiteRunner.privateRun(SuiteRunner.java:317)
at org.testng.SuiteRunner.run(SuiteRunner.java:276)
at org.testng.SuiteRunnerWorker.runSuite(SuiteRunnerWorker.java:53)
at org.testng.SuiteRunnerWorker.run(SuiteRunnerWorker.java:96)
at org.testng.TestNG.runSuitesSequentially(TestNG.java:1212)
at org.testng.TestNG.runSuitesLocally(TestNG.java:1134)
at org.testng.TestNG.runSuites(TestNG.java:1063)
at org.testng.TestNG.run(TestNG.java:1031)
at org.testng.remote.AbstractRemoteTestNG.run(AbstractRemoteTestNG.java:115)
at org.testng.remote.RemoteTestNG.initAndRun(RemoteTestNG.java:251)
at org.testng.remote.RemoteTestNG.main(RemoteTestNG.java:77)
]]>
            </full-stacktrace>
          </exception> <!-- org.testng.TestNGException -->
          <reporter-output>
          </reporter-output>
        </test-method> <!-- login_test -->
        <test-method status="SKIP" signature="getResult(org.testng.ITestResult)[pri:0, instance:capital_UI_Smoke.SmokeSuite@dbd940d]" name="getResult" is-config="true" duration-ms="-1647762133962" started-at="2022-03-20T09:42:13 EET" finished-at="1970-01-01T02:00:00 EET">
          <reporter-output>
          </reporter-output>
        </test-method> <!-- getResult -->
        <test-method status="SKIP" signature="resetGlobalVariables()[pri:0, instance:capital_UI_Smoke.SmokeSuite@dbd940d]" name="resetGlobalVariables" is-config="true" duration-ms="-1647762133965" started-at="2022-03-20T09:42:13 EET" finished-at="1970-01-01T02:00:00 EET">
          <reporter-output>
          </reporter-output>
        </test-method> <!-- resetGlobalVariables -->
        <test-method status="SKIP" signature="tearDown()[pri:0, instance:capital_UI_Smoke.SmokeSuite@dbd940d]" name="tearDown" is-config="true" duration-ms="-1647762133974" started-at="2022-03-20T09:42:13 EET" finished-at="1970-01-01T02:00:00 EET">
          <reporter-output>
          </reporter-output>
        </test-method> <!-- tearDown -->
        <test-method status="SKIP" signature="aftersuite()[pri:0, instance:capital_UI_Smoke.SmokeSuite@dbd940d]" name="aftersuite" is-config="true" duration-ms="-1647762134235" started-at="2022-03-20T09:42:14 EET" finished-at="1970-01-01T02:00:00 EET">
          <reporter-output>
          </reporter-output>
        </test-method> <!-- aftersuite -->
      </class> <!-- capital_UI_Smoke.SmokeSuite -->
    </test> <!-- Default test -->
  </suite> <!-- Default suite -->
</testng-results>
