<?xml version="1.0" encoding="UTF-8"?>
<!-- Generated by org.testng.reporters.JUnitReportReporter -->
<testsuite skipped="1" hostname="MohammadDabbaghs-MacBook-Pro.local" name="capital_UI_Smoke.SmokeSuite" tests="2" failures="0" timestamp="2022-03-20T09:42:14 EET" time="-1647762048.000" errors="1">
  <testcase name="login_test" time="0.000" classname="capital_UI_Smoke.SmokeSuite">
    <skipped/>
  </testcase> <!-- login_test -->
  <system-out/>
  <testcase name="setUp" time="-1647762048.000" classname="capital_UI_Smoke.SmokeSuite">
    <error type="org.testng.TestNGException" message="
Parameter &#039;OS&#039; is required by BeforeSuite on method setUp but has not been marked @Optional or defined
in /private/var/folders/5z/6mw010057_5fhs13r2hg3gr40000gn/T/testng-eclipse-1107908952/testng-customsuite.xml">
      <![CDATA[org.testng.TestNGException: 
Parameter 'OS' is required by BeforeSuite on method setUp but has not been marked @Optional or defined
in /private/var/folders/5z/6mw010057_5fhs13r2hg3gr40000gn/T/testng-eclipse-1107908952/testng-customsuite.xml
at org.testng.internal.Parameters.createParams(Parameters.java:270)
at org.testng.internal.Parameters.createParametersForMethod(Parameters.java:358)
at org.testng.internal.Parameters.createParameters(Parameters.java:700)
at org.testng.internal.Parameters.createConfigurationParameters(Parameters.java:168)
at org.testng.internal.ConfigInvoker.invokeConfigurations(ConfigInvoker.java:302)
at org.testng.SuiteRunner.privateRun(SuiteRunner.java:317)
at org.testng.SuiteRunner.run(SuiteRunner.java:276)
at org.testng.SuiteRunnerWorker.runSuite(SuiteRunnerWorker.java:53)
at org.testng.SuiteRunnerWorker.run(SuiteRunnerWorker.java:96)
at org.testng.TestNG.runSuitesSequentially(TestNG.java:1212)
at org.testng.TestNG.runSuitesLocally(TestNG.java:1134)
at org.testng.TestNG.runSuites(TestNG.java:1063)
at org.testng.TestNG.run(TestNG.java:1031)
at org.testng.remote.AbstractRemoteTestNG.run(AbstractRemoteTestNG.java:115)
at org.testng.remote.RemoteTestNG.initAndRun(RemoteTestNG.java:251)
at org.testng.remote.RemoteTestNG.main(RemoteTestNG.java:77)
]]>
    </error>
  </testcase> <!-- setUp -->
  <system-out/>
</testsuite> <!-- capital_UI_Smoke.SmokeSuite -->
